FAIL ./yatze.test.ts
  Chance
    ✓ roll 5 dice (2 ms)
  Yatze
    ✓ roll 5 dice successfully
    ✓ roll 5 dice unsuccessfully
  Ones
    ✓ roll 5 dice successfully (1 ms)
    ✓ roll 5 dice unsuccessfully
  Twos
    ✓ roll 5 dice successfully (2 ms)
    ✓ roll 5 dice unsuccessfully
  Threes, Fours, Fives, Sixes
    ✓ roll 5 dice successfully
    ✓ roll 5 dice unsuccessfully (1 ms)
  Pairs
    ✓ roll 5 dice successfully
    ✓ roll 5 dice unsuccessfully
  Two Pairs
    ✓ roll 5 dice successfully (1 ms)
    ✓ roll 5 dice unsuccessfully
  Three of a Kind
    ✓ roll 5 dice successfully (1 ms)
    ✓ roll 5 dice unsuccessfully (1 ms)
  Four of a Kind
    ✓ roll 5 dice successfully
    ✓ roll 5 dice unsuccessfully
  Small Straight
    ✓ roll 5 dice successfully
    ✓ roll 5 dice unsuccessfully
  Large Straight
    ✕ roll 5 dice successfully (3 ms)
    ✕ roll 5 dice unsuccessfully (2 ms)

  ● Large Straight › roll 5 dice successfully

    expect(received).toEqual(expected) // deep equality

    Expected: 20
    Received: 14.6

      108 | describe('Large Straight', () => {
      109 |   it('roll 5 dice successfully', () => {
    > 110 |     expect(roll([2,3,4,5.6],"Large Straight")).toEqual(20);
          |                                                ^
      111 |   })
      112 |   it('roll 5 dice unsuccessfully', () => {
      113 |     expect(roll([2,2,2,5,5],"Large Straight")).toEqual(0);

      at Object.<anonymous> (yatze.test.ts:110:48)

  ● Large Straight › roll 5 dice unsuccessfully

    expect(received).toEqual(expected) // deep equality

    Expected: 0
    Received: 16

      111 |   })
      112 |   it('roll 5 dice unsuccessfully', () => {
    > 113 |     expect(roll([2,2,2,5,5],"Large Straight")).toEqual(0);
          |                                                ^
      114 |     expect(roll([2,2,2,2,2],"Large Straight")).toEqual(0);
      115 |   })
      116 | });

      at Object.<anonymous> (yatze.test.ts:113:48)

Test Suites: 1 failed, 1 total
Tests:       2 failed, 19 passed, 21 total
Snapshots:   0 total
Time:        2.831 s
Ran all test suites.
npm ERR! code ELIFECYCLE
npm ERR! errno 1
npm ERR! @ test: `jest --maxWorkers=2`
npm ERR! Exit status 1
npm ERR! 
npm ERR! Failed at the @ test script.
npm ERR! This is probably not a problem with npm. There is likely additional logging output above.

npm ERR! A complete log of this run can be found in:
npm ERR!     /home/sandbox/.npm/_logs/2025-05-05T08_03_49_945Z-debug.log
